<?xml version="1.0" encoding="UTF-8"?>
<!-- Generated by org.testng.reporters.JUnitXMLReporter -->
<testsuite hostname="Admin-PC" name="Default test" tests="9" failures="0" timestamp="31 Aug 2015 18:15:25 GMT" time="151.739" errors="0">
  <testcase name="popUpClose" time="1.048" classname="com.st.test.RegisterPageTest"/>
  <testcase name="verifyRegistrationPage" time="13.297" classname="com.st.test.RegisterPageTest"/>
  <testcase name="verifyCreateLoginDetails" time="28.47" classname="com.st.test.RegisterPageTest"/>
  <testcase name="verifyYourContactInformation" time="9.78" classname="com.st.test.RegisterPageTest"/>
  <testcase name="verifyYourCurrentEmploymentDetails" time="28.094" classname="com.st.test.RegisterPageTest"/>
  <testcase name="verifyCompleteMyProfilePage" time="6.556" classname="com.st.test.RegisterPageTest"/>
  <testcase name="verifyEducationDetails" time="16.599" classname="com.st.test.RegisterPageTest"/>
  <testcase name="verifyCompleteMyProfile" time="6.831" classname="com.st.test.RegisterPageTest"/>
  <testcase name="verifyCreateYourJobAlert" time="17.11" classname="com.st.test.RegisterPageTest"/>
</testsuite> <!-- Default test -->
